<?xml version="1.0" encoding="UTF-8"?>
<!-- Generated by org.testng.reporters.JUnitReportReporter -->
<testsuite hostname="DESKTOP-36CK5VD" failures="0" tests="1" name="FrameWork.new1.logs" time="21.013" errors="0" timestamp="2023-11-05T09:37:19 IST" skipped="0">
  <testcase classname="FrameWork.new1.logs" name="yeshuu" time="21.013"/>
</testsuite> <!-- FrameWork.new1.logs -->
